<?xml version="1.0" encoding="UTF-8"?>
<robot generator="Robot 3.2.2 (Python 3.9.0 on win32)" generated="20201228 15:57:19.107" rpa="false">
<suite id="s1" name="Tests" source="C:\developpement\notre_ihm\tests">
<suite id="s1-s1" name="Main" source="C:\developpement\notre_ihm\tests\main.robot">
<kw name="Begin Web Test" library="common" type="setup">
<kw name="Open Browser" library="SeleniumLibrary">
<doc>Opens a new browser instance to the optional ``url``.</doc>
<arguments>
<arg>about:blank</arg>
<arg>${browser}</arg>
</arguments>
<msg timestamp="20201228 15:57:19.286" level="INFO">Opening browser 'chrome' to base url 'about:blank'.</msg>
<status status="PASS" starttime="20201228 15:57:19.286" endtime="20201228 15:57:22.410"></status>
</kw>
<kw name="Maximize Browser Window" library="SeleniumLibrary">
<doc>Maximizes current browser window.</doc>
<status status="PASS" starttime="20201228 15:57:22.410" endtime="20201228 15:57:24.535"></status>
</kw>
<status status="PASS" starttime="20201228 15:57:19.286" endtime="20201228 15:57:24.535"></status>
</kw>
<test id="s1-s1-t1" name="Produits Disponibles">
<kw name="Naviguer vers Amazon" library="PageAccueil">
<kw name="Go To" library="SeleniumLibrary">
<doc>Navigates the current browser window to the provided ``url``.</doc>
<arguments>
<arg>${Amazon_url}</arg>
</arguments>
<msg timestamp="20201228 15:57:24.538" level="INFO">Opening url 'https://www.amazon.fr/'</msg>
<status status="PASS" starttime="20201228 15:57:24.537" endtime="20201228 15:57:26.548"></status>
</kw>
<status status="PASS" starttime="20201228 15:57:24.537" endtime="20201228 15:57:26.548"></status>
</kw>
<kw name="Chercher Produit" library="PageAccueil">
<kw name="Clear Element Text" library="SeleniumLibrary">
<doc>Clears the value of the text-input-element identified by ``locator``.</doc>
<arguments>
<arg>id=twotabsearchtextbox</arg>
</arguments>
<status status="PASS" starttime="20201228 15:57:26.550" endtime="20201228 15:57:26.640"></status>
</kw>
<kw name="Input Text" library="SeleniumLibrary">
<doc>Types the given ``text`` into the text field identified by ``locator``.</doc>
<arguments>
<arg>id=twotabsearchtextbox</arg>
<arg>rj45 cable</arg>
</arguments>
<msg timestamp="20201228 15:57:26.641" level="INFO">Typing text 'rj45 cable' into text field 'id=twotabsearchtextbox'.</msg>
<status status="PASS" starttime="20201228 15:57:26.641" endtime="20201228 15:57:26.731"></status>
</kw>
<kw name="Click Element" library="SeleniumLibrary">
<doc>Click the element identified by ``locator``.</doc>
<arguments>
<arg>xpath=//header/div[@id='navbar']/div[@id='nav-belt']/div[2]/div[1]/form[1]/div[3]/div[1]/span[1]/input[1]</arg>
</arguments>
<msg timestamp="20201228 15:57:26.731" level="INFO">Clicking element 'xpath=//header/div[@id='navbar']/div[@id='nav-belt']/div[2]/div[1]/form[1]/div[3]/div[1]/span[1]/input[1]'.</msg>
<status status="PASS" starttime="20201228 15:57:26.731" endtime="20201228 15:57:27.825"></status>
</kw>
<status status="PASS" starttime="20201228 15:57:26.549" endtime="20201228 15:57:27.825"></status>
</kw>
<status status="PASS" starttime="20201228 15:57:24.535" endtime="20201228 15:57:27.826" critical="yes"></status>
</test>
<kw name="End Web Test" library="common" type="teardown">
<kw name="Close Browser" library="SeleniumLibrary">
<doc>Closes the current browser.</doc>
<status status="PASS" starttime="20201228 15:57:27.827" endtime="20201228 15:57:29.934"></status>
</kw>
<status status="PASS" starttime="20201228 15:57:27.827" endtime="20201228 15:57:29.935"></status>
</kw>
<status status="PASS" starttime="20201228 15:57:19.128" endtime="20201228 15:57:29.935"></status>
</suite>
<status status="PASS" starttime="20201228 15:57:19.108" endtime="20201228 15:57:29.942"></status>
</suite>
<statistics>
<total>
<stat pass="1" fail="0">Critical Tests</stat>
<stat pass="1" fail="0">All Tests</stat>
</total>
<tag>
</tag>
<suite>
<stat pass="1" fail="0" id="s1" name="Tests">Tests</stat>
<stat pass="1" fail="0" id="s1-s1" name="Main">Tests.Main</stat>
</suite>
</statistics>
<errors>
</errors>
</robot>
